[Wed May 21 13:10:38.619959 2025] [security2:notice] [pid 8:tid 130583349442432] ModSecurity for Apache/2.9.7 (http://www.modsecurity.org/) configured.
[Wed May 21 13:10:38.620077 2025] [security2:notice] [pid 8:tid 130583349442432] ModSecurity: APR compiled version="1.7.2"; loaded version="1.7.2"
[Wed May 21 13:10:38.620097 2025] [security2:notice] [pid 8:tid 130583349442432] ModSecurity: PCRE2 compiled version="10.42 "; loaded version="10.42 2022-12-11"
[Wed May 21 13:10:38.620115 2025] [security2:notice] [pid 8:tid 130583349442432] ModSecurity: LUA compiled version="Lua 5.1"
[Wed May 21 13:10:38.620132 2025] [security2:notice] [pid 8:tid 130583349442432] ModSecurity: YAJL compiled version="2.1.0"
[Wed May 21 13:10:38.620150 2025] [security2:notice] [pid 8:tid 130583349442432] ModSecurity: LIBXML compiled version="2.9.14"
[Wed May 21 13:10:38.620166 2025] [security2:notice] [pid 8:tid 130583349442432] ModSecurity: Status engine is currently disabled, enable it by set SecStatusEngine to On.
[Wed May 21 13:10:38.832609 2025] [core:warn] [pid 8:tid 130583349442432] AH00098: pid file /var/run/apache2/apache2.pid overwritten -- Unclean shutdown of previous Apache run?
[Wed May 21 13:10:38.840441 2025] [mpm_event:notice] [pid 8:tid 130583349442432] AH00489: Apache/2.4.58 (Ubuntu) configured -- resuming normal operations
[Wed May 21 13:10:38.842534 2025] [core:notice] [pid 8:tid 130583349442432] AH00094: Command line: '/usr/sbin/apache2 -D FOREGROUND'
[Wed May 21 13:15:29.173506 2025] [security2:notice] [pid 8:tid 125389312415616] ModSecurity for Apache/2.9.7 (http://www.modsecurity.org/) configured.
[Wed May 21 13:15:29.175802 2025] [security2:notice] [pid 8:tid 125389312415616] ModSecurity: APR compiled version="1.7.2"; loaded version="1.7.2"
[Wed May 21 13:15:29.177055 2025] [security2:notice] [pid 8:tid 125389312415616] ModSecurity: PCRE2 compiled version="10.42 "; loaded version="10.42 2022-12-11"
[Wed May 21 13:15:29.177219 2025] [security2:notice] [pid 8:tid 125389312415616] ModSecurity: LUA compiled version="Lua 5.1"
[Wed May 21 13:15:29.177238 2025] [security2:notice] [pid 8:tid 125389312415616] ModSecurity: YAJL compiled version="2.1.0"
[Wed May 21 13:15:29.177255 2025] [security2:notice] [pid 8:tid 125389312415616] ModSecurity: LIBXML compiled version="2.9.14"
[Wed May 21 13:15:29.177273 2025] [security2:notice] [pid 8:tid 125389312415616] ModSecurity: Status engine is currently disabled, enable it by set SecStatusEngine to On.
[Wed May 21 13:15:33.188705 2025] [core:warn] [pid 8:tid 125389312415616] AH00098: pid file /var/run/apache2/apache2.pid overwritten -- Unclean shutdown of previous Apache run?
[Wed May 21 13:15:33.198062 2025] [mpm_event:notice] [pid 8:tid 125389312415616] AH00489: Apache/2.4.58 (Ubuntu) configured -- resuming normal operations
[Wed May 21 13:15:33.198118 2025] [core:notice] [pid 8:tid 125389312415616] AH00094: Command line: '/usr/sbin/apache2 -D FOREGROUND'
[Wed May 21 13:18:00.092526 2025] [security2:notice] [pid 8:tid 128988405528448] ModSecurity for Apache/2.9.7 (http://www.modsecurity.org/) configured.
[Wed May 21 13:18:00.095645 2025] [security2:notice] [pid 8:tid 128988405528448] ModSecurity: APR compiled version="1.7.2"; loaded version="1.7.2"
[Wed May 21 13:18:00.095669 2025] [security2:notice] [pid 8:tid 128988405528448] ModSecurity: PCRE2 compiled version="10.42 "; loaded version="10.42 2022-12-11"
[Wed May 21 13:18:00.095727 2025] [security2:notice] [pid 8:tid 128988405528448] ModSecurity: LUA compiled version="Lua 5.1"
[Wed May 21 13:18:00.095745 2025] [security2:notice] [pid 8:tid 128988405528448] ModSecurity: YAJL compiled version="2.1.0"
[Wed May 21 13:18:00.095763 2025] [security2:notice] [pid 8:tid 128988405528448] ModSecurity: LIBXML compiled version="2.9.14"
[Wed May 21 13:18:00.095805 2025] [security2:notice] [pid 8:tid 128988405528448] ModSecurity: Status engine is currently disabled, enable it by set SecStatusEngine to On.
[Wed May 21 13:18:00.368142 2025] [core:warn] [pid 8:tid 128988405528448] AH00098: pid file /var/run/apache2/apache2.pid overwritten -- Unclean shutdown of previous Apache run?
[Wed May 21 13:18:00.387803 2025] [mpm_event:notice] [pid 8:tid 128988405528448] AH00489: Apache/2.4.58 (Ubuntu) configured -- resuming normal operations
[Wed May 21 13:18:00.388042 2025] [core:notice] [pid 8:tid 128988405528448] AH00094: Command line: '/usr/sbin/apache2 -D FOREGROUND'
[Wed May 21 13:31:46.526952 2025] [security2:notice] [pid 8:tid 138030696990592] ModSecurity for Apache/2.9.7 (http://www.modsecurity.org/) configured.
[Wed May 21 13:31:46.527498 2025] [security2:notice] [pid 8:tid 138030696990592] ModSecurity: APR compiled version="1.7.2"; loaded version="1.7.2"
[Wed May 21 13:31:46.527521 2025] [security2:notice] [pid 8:tid 138030696990592] ModSecurity: PCRE2 compiled version="10.42 "; loaded version="10.42 2022-12-11"
[Wed May 21 13:31:46.527539 2025] [security2:notice] [pid 8:tid 138030696990592] ModSecurity: LUA compiled version="Lua 5.1"
[Wed May 21 13:31:46.527557 2025] [security2:notice] [pid 8:tid 138030696990592] ModSecurity: YAJL compiled version="2.1.0"
[Wed May 21 13:31:46.527575 2025] [security2:notice] [pid 8:tid 138030696990592] ModSecurity: LIBXML compiled version="2.9.14"
[Wed May 21 13:31:46.527593 2025] [security2:notice] [pid 8:tid 138030696990592] ModSecurity: Status engine is currently disabled, enable it by set SecStatusEngine to On.
[Wed May 21 13:31:46.844644 2025] [mpm_event:notice] [pid 8:tid 138030696990592] AH00489: Apache/2.4.58 (Ubuntu) configured -- resuming normal operations
[Wed May 21 13:31:46.844777 2025] [core:notice] [pid 8:tid 138030696990592] AH00094: Command line: '/usr/sbin/apache2 -D FOREGROUND'
[Wed May 21 13:41:37.461181 2025] [auth_basic:error] [pid 15:tid 138030450996928] [client 192.168.58.1:45225] AH01618: user adnub not found: /
[Wed May 21 14:06:22.716568 2025] [security2:notice] [pid 7:tid 138798572439424] ModSecurity for Apache/2.9.7 (http://www.modsecurity.org/) configured.
[Wed May 21 14:06:22.718827 2025] [security2:notice] [pid 7:tid 138798572439424] ModSecurity: APR compiled version="1.7.2"; loaded version="1.7.2"
[Wed May 21 14:06:22.718851 2025] [security2:notice] [pid 7:tid 138798572439424] ModSecurity: PCRE2 compiled version="10.42 "; loaded version="10.42 2022-12-11"
[Wed May 21 14:06:22.718870 2025] [security2:notice] [pid 7:tid 138798572439424] ModSecurity: LUA compiled version="Lua 5.1"
[Wed May 21 14:06:22.718887 2025] [security2:notice] [pid 7:tid 138798572439424] ModSecurity: YAJL compiled version="2.1.0"
[Wed May 21 14:06:22.718905 2025] [security2:notice] [pid 7:tid 138798572439424] ModSecurity: LIBXML compiled version="2.9.14"
[Wed May 21 14:06:22.718923 2025] [security2:notice] [pid 7:tid 138798572439424] ModSecurity: Status engine is currently disabled, enable it by set SecStatusEngine to On.
[Wed May 21 14:06:23.025596 2025] [mpm_event:notice] [pid 7:tid 138798572439424] AH00489: Apache/2.4.58 (Ubuntu) configured -- resuming normal operations
[Wed May 21 14:06:23.025708 2025] [core:notice] [pid 7:tid 138798572439424] AH00094: Command line: '/usr/sbin/apache2 -D FOREGROUND'
[Wed May 21 14:08:07.932933 2025] [security2:notice] [pid 9:tid 126613623203712] ModSecurity for Apache/2.9.7 (http://www.modsecurity.org/) configured.
[Wed May 21 14:08:07.933830 2025] [security2:notice] [pid 9:tid 126613623203712] ModSecurity: APR compiled version="1.7.2"; loaded version="1.7.2"
[Wed May 21 14:08:07.934079 2025] [security2:notice] [pid 9:tid 126613623203712] ModSecurity: PCRE2 compiled version="10.42 "; loaded version="10.42 2022-12-11"
[Wed May 21 14:08:07.934349 2025] [security2:notice] [pid 9:tid 126613623203712] ModSecurity: LUA compiled version="Lua 5.1"
[Wed May 21 14:08:07.935876 2025] [security2:notice] [pid 9:tid 126613623203712] ModSecurity: YAJL compiled version="2.1.0"
[Wed May 21 14:08:07.937964 2025] [security2:notice] [pid 9:tid 126613623203712] ModSecurity: LIBXML compiled version="2.9.14"
[Wed May 21 14:08:07.938315 2025] [security2:notice] [pid 9:tid 126613623203712] ModSecurity: Status engine is currently disabled, enable it by set SecStatusEngine to On.
[Wed May 21 14:08:08.222235 2025] [core:warn] [pid 9:tid 126613623203712] AH00098: pid file /var/run/apache2/apache2.pid overwritten -- Unclean shutdown of previous Apache run?
[Wed May 21 14:08:08.239114 2025] [mpm_event:notice] [pid 9:tid 126613623203712] AH00489: Apache/2.4.58 (Ubuntu) configured -- resuming normal operations
[Wed May 21 14:08:08.242307 2025] [core:notice] [pid 9:tid 126613623203712] AH00094: Command line: '/usr/sbin/apache2 -D FOREGROUND'
[Wed May 21 14:25:32.798582 2025] [security2:notice] [pid 8:tid 139220728952704] ModSecurity for Apache/2.9.7 (http://www.modsecurity.org/) configured.
[Wed May 21 14:25:32.808310 2025] [security2:notice] [pid 8:tid 139220728952704] ModSecurity: APR compiled version="1.7.2"; loaded version="1.7.2"
[Wed May 21 14:25:32.808718 2025] [security2:notice] [pid 8:tid 139220728952704] ModSecurity: PCRE2 compiled version="10.42 "; loaded version="10.42 2022-12-11"
[Wed May 21 14:25:32.808878 2025] [security2:notice] [pid 8:tid 139220728952704] ModSecurity: LUA compiled version="Lua 5.1"
[Wed May 21 14:25:32.809031 2025] [security2:notice] [pid 8:tid 139220728952704] ModSecurity: YAJL compiled version="2.1.0"
[Wed May 21 14:25:32.809186 2025] [security2:notice] [pid 8:tid 139220728952704] ModSecurity: LIBXML compiled version="2.9.14"
[Wed May 21 14:25:32.809338 2025] [security2:notice] [pid 8:tid 139220728952704] ModSecurity: Status engine is currently disabled, enable it by set SecStatusEngine to On.
[Wed May 21 14:25:33.117213 2025] [mpm_event:notice] [pid 8:tid 139220728952704] AH00489: Apache/2.4.58 (Ubuntu) configured -- resuming normal operations
[Wed May 21 14:25:33.121189 2025] [core:notice] [pid 8:tid 139220728952704] AH00094: Command line: '/usr/sbin/apache2 -D FOREGROUND'
[Wed May 21 14:44:07.363787 2025] [security2:notice] [pid 8:tid 130698898581376] ModSecurity for Apache/2.9.7 (http://www.modsecurity.org/) configured.
[Wed May 21 14:44:07.368099 2025] [security2:notice] [pid 8:tid 130698898581376] ModSecurity: APR compiled version="1.7.2"; loaded version="1.7.2"
[Wed May 21 14:44:07.368129 2025] [security2:notice] [pid 8:tid 130698898581376] ModSecurity: PCRE2 compiled version="10.42 "; loaded version="10.42 2022-12-11"
[Wed May 21 14:44:07.368147 2025] [security2:notice] [pid 8:tid 130698898581376] ModSecurity: LUA compiled version="Lua 5.1"
[Wed May 21 14:44:07.368165 2025] [security2:notice] [pid 8:tid 130698898581376] ModSecurity: YAJL compiled version="2.1.0"
[Wed May 21 14:44:07.368183 2025] [security2:notice] [pid 8:tid 130698898581376] ModSecurity: LIBXML compiled version="2.9.14"
[Wed May 21 14:44:07.368202 2025] [security2:notice] [pid 8:tid 130698898581376] ModSecurity: Status engine is currently disabled, enable it by set SecStatusEngine to On.
[Wed May 21 14:44:07.598950 2025] [mpm_event:notice] [pid 8:tid 130698898581376] AH00489: Apache/2.4.58 (Ubuntu) configured -- resuming normal operations
[Wed May 21 14:44:07.599010 2025] [core:notice] [pid 8:tid 130698898581376] AH00094: Command line: '/usr/sbin/apache2 -D FOREGROUND'
[Wed May 21 14:48:25.293498 2025] [security2:notice] [pid 8:tid 138972040492928] ModSecurity for Apache/2.9.7 (http://www.modsecurity.org/) configured.
[Wed May 21 14:48:25.295550 2025] [security2:notice] [pid 8:tid 138972040492928] ModSecurity: APR compiled version="1.7.2"; loaded version="1.7.2"
[Wed May 21 14:48:25.297751 2025] [security2:notice] [pid 8:tid 138972040492928] ModSecurity: PCRE2 compiled version="10.42 "; loaded version="10.42 2022-12-11"
[Wed May 21 14:48:25.298020 2025] [security2:notice] [pid 8:tid 138972040492928] ModSecurity: LUA compiled version="Lua 5.1"
[Wed May 21 14:48:25.298243 2025] [security2:notice] [pid 8:tid 138972040492928] ModSecurity: YAJL compiled version="2.1.0"
[Wed May 21 14:48:25.298421 2025] [security2:notice] [pid 8:tid 138972040492928] ModSecurity: LIBXML compiled version="2.9.14"
[Wed May 21 14:48:25.298439 2025] [security2:notice] [pid 8:tid 138972040492928] ModSecurity: Status engine is currently disabled, enable it by set SecStatusEngine to On.
[Wed May 21 14:48:25.677084 2025] [mpm_event:notice] [pid 8:tid 138972040492928] AH00489: Apache/2.4.58 (Ubuntu) configured -- resuming normal operations
[Wed May 21 14:48:25.685368 2025] [core:notice] [pid 8:tid 138972040492928] AH00094: Command line: '/usr/sbin/apache2 -D FOREGROUND'
[Wed May 21 15:08:01.182533 2025] [security2:notice] [pid 8:tid 139208886753152] ModSecurity for Apache/2.9.7 (http://www.modsecurity.org/) configured.
[Wed May 21 15:08:01.184155 2025] [security2:notice] [pid 8:tid 139208886753152] ModSecurity: APR compiled version="1.7.2"; loaded version="1.7.2"
[Wed May 21 15:08:01.184325 2025] [security2:notice] [pid 8:tid 139208886753152] ModSecurity: PCRE2 compiled version="10.42 "; loaded version="10.42 2022-12-11"
[Wed May 21 15:08:01.184346 2025] [security2:notice] [pid 8:tid 139208886753152] ModSecurity: LUA compiled version="Lua 5.1"
[Wed May 21 15:08:01.184364 2025] [security2:notice] [pid 8:tid 139208886753152] ModSecurity: YAJL compiled version="2.1.0"
[Wed May 21 15:08:01.184401 2025] [security2:notice] [pid 8:tid 139208886753152] ModSecurity: LIBXML compiled version="2.9.14"
[Wed May 21 15:08:01.184419 2025] [security2:notice] [pid 8:tid 139208886753152] ModSecurity: Status engine is currently disabled, enable it by set SecStatusEngine to On.
[Wed May 21 15:08:01.482475 2025] [mpm_event:notice] [pid 8:tid 139208886753152] AH00489: Apache/2.4.58 (Ubuntu) configured -- resuming normal operations
[Wed May 21 15:08:01.482581 2025] [core:notice] [pid 8:tid 139208886753152] AH00094: Command line: '/usr/sbin/apache2 -D FOREGROUND'
[Wed May 21 15:13:36.095369 2025] [security2:notice] [pid 8:tid 131550971021184] ModSecurity for Apache/2.9.7 (http://www.modsecurity.org/) configured.
[Wed May 21 15:13:36.098387 2025] [security2:notice] [pid 8:tid 131550971021184] ModSecurity: APR compiled version="1.7.2"; loaded version="1.7.2"
[Wed May 21 15:13:36.098626 2025] [security2:notice] [pid 8:tid 131550971021184] ModSecurity: PCRE2 compiled version="10.42 "; loaded version="10.42 2022-12-11"
[Wed May 21 15:13:36.098890 2025] [security2:notice] [pid 8:tid 131550971021184] ModSecurity: LUA compiled version="Lua 5.1"
[Wed May 21 15:13:36.099111 2025] [security2:notice] [pid 8:tid 131550971021184] ModSecurity: YAJL compiled version="2.1.0"
[Wed May 21 15:13:36.099711 2025] [security2:notice] [pid 8:tid 131550971021184] ModSecurity: LIBXML compiled version="2.9.14"
[Wed May 21 15:13:36.100043 2025] [security2:notice] [pid 8:tid 131550971021184] ModSecurity: Status engine is currently disabled, enable it by set SecStatusEngine to On.
[Wed May 21 15:13:36.574946 2025] [core:warn] [pid 8:tid 131550971021184] AH00098: pid file /var/run/apache2/apache2.pid overwritten -- Unclean shutdown of previous Apache run?
[Wed May 21 15:13:36.592415 2025] [mpm_event:notice] [pid 8:tid 131550971021184] AH00489: Apache/2.4.58 (Ubuntu) configured -- resuming normal operations
[Wed May 21 15:13:36.592473 2025] [core:notice] [pid 8:tid 131550971021184] AH00094: Command line: '/usr/sbin/apache2 -D FOREGROUND'
[Wed May 21 15:16:36.979854 2025] [security2:notice] [pid 7:tid 136197957941120] ModSecurity for Apache/2.9.7 (http://www.modsecurity.org/) configured.
[Wed May 21 15:16:36.989802 2025] [security2:notice] [pid 7:tid 136197957941120] ModSecurity: APR compiled version="1.7.2"; loaded version="1.7.2"
[Wed May 21 15:16:36.990214 2025] [security2:notice] [pid 7:tid 136197957941120] ModSecurity: PCRE2 compiled version="10.42 "; loaded version="10.42 2022-12-11"
[Wed May 21 15:16:36.990474 2025] [security2:notice] [pid 7:tid 136197957941120] ModSecurity: LUA compiled version="Lua 5.1"
[Wed May 21 15:16:36.990730 2025] [security2:notice] [pid 7:tid 136197957941120] ModSecurity: YAJL compiled version="2.1.0"
[Wed May 21 15:16:36.990957 2025] [security2:notice] [pid 7:tid 136197957941120] ModSecurity: LIBXML compiled version="2.9.14"
[Wed May 21 15:16:36.991145 2025] [security2:notice] [pid 7:tid 136197957941120] ModSecurity: Status engine is currently disabled, enable it by set SecStatusEngine to On.
[Wed May 21 15:16:37.394365 2025] [mpm_event:notice] [pid 7:tid 136197957941120] AH00489: Apache/2.4.58 (Ubuntu) configured -- resuming normal operations
[Wed May 21 15:16:37.394497 2025] [core:notice] [pid 7:tid 136197957941120] AH00094: Command line: '/usr/sbin/apache2 -D FOREGROUND'
[Wed May 21 15:19:44.083265 2025] [security2:notice] [pid 8:tid 138239483438976] ModSecurity for Apache/2.9.7 (http://www.modsecurity.org/) configured.
[Wed May 21 15:19:44.084773 2025] [security2:notice] [pid 8:tid 138239483438976] ModSecurity: APR compiled version="1.7.2"; loaded version="1.7.2"
[Wed May 21 15:19:44.084801 2025] [security2:notice] [pid 8:tid 138239483438976] ModSecurity: PCRE2 compiled version="10.42 "; loaded version="10.42 2022-12-11"
[Wed May 21 15:19:44.084819 2025] [security2:notice] [pid 8:tid 138239483438976] ModSecurity: LUA compiled version="Lua 5.1"
[Wed May 21 15:19:44.084837 2025] [security2:notice] [pid 8:tid 138239483438976] ModSecurity: YAJL compiled version="2.1.0"
[Wed May 21 15:19:44.084865 2025] [security2:notice] [pid 8:tid 138239483438976] ModSecurity: LIBXML compiled version="2.9.14"
[Wed May 21 15:19:44.084883 2025] [security2:notice] [pid 8:tid 138239483438976] ModSecurity: Status engine is currently disabled, enable it by set SecStatusEngine to On.
[Wed May 21 15:19:44.337810 2025] [mpm_event:notice] [pid 8:tid 138239483438976] AH00489: Apache/2.4.58 (Ubuntu) configured -- resuming normal operations
[Wed May 21 15:19:44.337882 2025] [core:notice] [pid 8:tid 138239483438976] AH00094: Command line: '/usr/sbin/apache2 -D FOREGROUND'
[Wed May 21 15:21:01.873196 2025] [security2:notice] [pid 9:tid 132295745664896] ModSecurity for Apache/2.9.7 (http://www.modsecurity.org/) configured.
[Wed May 21 15:21:01.874846 2025] [security2:notice] [pid 9:tid 132295745664896] ModSecurity: APR compiled version="1.7.2"; loaded version="1.7.2"
[Wed May 21 15:21:01.874870 2025] [security2:notice] [pid 9:tid 132295745664896] ModSecurity: PCRE2 compiled version="10.42 "; loaded version="10.42 2022-12-11"
[Wed May 21 15:21:01.874888 2025] [security2:notice] [pid 9:tid 132295745664896] ModSecurity: LUA compiled version="Lua 5.1"
[Wed May 21 15:21:01.874906 2025] [security2:notice] [pid 9:tid 132295745664896] ModSecurity: YAJL compiled version="2.1.0"
[Wed May 21 15:21:01.874923 2025] [security2:notice] [pid 9:tid 132295745664896] ModSecurity: LIBXML compiled version="2.9.14"
[Wed May 21 15:21:01.874941 2025] [security2:notice] [pid 9:tid 132295745664896] ModSecurity: Status engine is currently disabled, enable it by set SecStatusEngine to On.
[Wed May 21 15:21:02.526026 2025] [core:warn] [pid 9:tid 132295745664896] AH00098: pid file /var/run/apache2/apache2.pid overwritten -- Unclean shutdown of previous Apache run?
[Wed May 21 15:21:02.538419 2025] [mpm_event:notice] [pid 9:tid 132295745664896] AH00489: Apache/2.4.58 (Ubuntu) configured -- resuming normal operations
[Wed May 21 15:21:02.543664 2025] [core:notice] [pid 9:tid 132295745664896] AH00094: Command line: '/usr/sbin/apache2 -D FOREGROUND'
[Wed May 21 15:28:46.097813 2025] [security2:notice] [pid 8:tid 132407629518720] ModSecurity for Apache/2.9.7 (http://www.modsecurity.org/) configured.
[Wed May 21 15:28:46.098410 2025] [security2:notice] [pid 8:tid 132407629518720] ModSecurity: APR compiled version="1.7.2"; loaded version="1.7.2"
[Wed May 21 15:28:46.099636 2025] [security2:notice] [pid 8:tid 132407629518720] ModSecurity: PCRE2 compiled version="10.42 "; loaded version="10.42 2022-12-11"
[Wed May 21 15:28:46.100010 2025] [security2:notice] [pid 8:tid 132407629518720] ModSecurity: LUA compiled version="Lua 5.1"
[Wed May 21 15:28:46.100241 2025] [security2:notice] [pid 8:tid 132407629518720] ModSecurity: YAJL compiled version="2.1.0"
[Wed May 21 15:28:46.101434 2025] [security2:notice] [pid 8:tid 132407629518720] ModSecurity: LIBXML compiled version="2.9.14"
[Wed May 21 15:28:46.101711 2025] [security2:notice] [pid 8:tid 132407629518720] ModSecurity: Status engine is currently disabled, enable it by set SecStatusEngine to On.
[Wed May 21 15:28:46.483046 2025] [mpm_event:notice] [pid 8:tid 132407629518720] AH00489: Apache/2.4.58 (Ubuntu) configured -- resuming normal operations
[Wed May 21 15:28:46.488844 2025] [core:notice] [pid 8:tid 132407629518720] AH00094: Command line: '/usr/sbin/apache2 -D FOREGROUND'
[Wed May 21 15:32:43.277270 2025] [security2:notice] [pid 8:tid 130813708789632] ModSecurity for Apache/2.9.7 (http://www.modsecurity.org/) configured.
[Wed May 21 15:32:43.280048 2025] [security2:notice] [pid 8:tid 130813708789632] ModSecurity: APR compiled version="1.7.2"; loaded version="1.7.2"
[Wed May 21 15:32:43.280299 2025] [security2:notice] [pid 8:tid 130813708789632] ModSecurity: PCRE2 compiled version="10.42 "; loaded version="10.42 2022-12-11"
[Wed May 21 15:32:43.280549 2025] [security2:notice] [pid 8:tid 130813708789632] ModSecurity: LUA compiled version="Lua 5.1"
[Wed May 21 15:32:43.280907 2025] [security2:notice] [pid 8:tid 130813708789632] ModSecurity: YAJL compiled version="2.1.0"
[Wed May 21 15:32:43.281129 2025] [security2:notice] [pid 8:tid 130813708789632] ModSecurity: LIBXML compiled version="2.9.14"
[Wed May 21 15:32:43.281841 2025] [security2:notice] [pid 8:tid 130813708789632] ModSecurity: Status engine is currently disabled, enable it by set SecStatusEngine to On.
[Wed May 21 15:32:43.552182 2025] [core:warn] [pid 8:tid 130813708789632] AH00098: pid file /var/run/apache2/apache2.pid overwritten -- Unclean shutdown of previous Apache run?
[Wed May 21 15:32:43.558251 2025] [mpm_event:notice] [pid 8:tid 130813708789632] AH00489: Apache/2.4.58 (Ubuntu) configured -- resuming normal operations
[Wed May 21 15:32:43.559018 2025] [core:notice] [pid 8:tid 130813708789632] AH00094: Command line: '/usr/sbin/apache2 -D FOREGROUND'
[Wed May 21 15:35:46.700426 2025] [security2:notice] [pid 7:tid 138225583409024] ModSecurity for Apache/2.9.7 (http://www.modsecurity.org/) configured.
[Wed May 21 15:35:46.702289 2025] [security2:notice] [pid 7:tid 138225583409024] ModSecurity: APR compiled version="1.7.2"; loaded version="1.7.2"
[Wed May 21 15:35:46.702319 2025] [security2:notice] [pid 7:tid 138225583409024] ModSecurity: PCRE2 compiled version="10.42 "; loaded version="10.42 2022-12-11"
[Wed May 21 15:35:46.702337 2025] [security2:notice] [pid 7:tid 138225583409024] ModSecurity: LUA compiled version="Lua 5.1"
[Wed May 21 15:35:46.702355 2025] [security2:notice] [pid 7:tid 138225583409024] ModSecurity: YAJL compiled version="2.1.0"
[Wed May 21 15:35:46.702373 2025] [security2:notice] [pid 7:tid 138225583409024] ModSecurity: LIBXML compiled version="2.9.14"
[Wed May 21 15:35:46.702390 2025] [security2:notice] [pid 7:tid 138225583409024] ModSecurity: Status engine is currently disabled, enable it by set SecStatusEngine to On.
[Wed May 21 15:35:46.946819 2025] [mpm_event:notice] [pid 7:tid 138225583409024] AH00489: Apache/2.4.58 (Ubuntu) configured -- resuming normal operations
[Wed May 21 15:35:46.946883 2025] [core:notice] [pid 7:tid 138225583409024] AH00094: Command line: '/usr/sbin/apache2 -D FOREGROUND'
[Wed May 21 15:45:50.291980 2025] [security2:notice] [pid 9:tid 138880808146816] ModSecurity for Apache/2.9.7 (http://www.modsecurity.org/) configured.
[Wed May 21 15:45:50.292951 2025] [security2:notice] [pid 9:tid 138880808146816] ModSecurity: APR compiled version="1.7.2"; loaded version="1.7.2"
[Wed May 21 15:45:50.292977 2025] [security2:notice] [pid 9:tid 138880808146816] ModSecurity: PCRE2 compiled version="10.42 "; loaded version="10.42 2022-12-11"
[Wed May 21 15:45:50.292995 2025] [security2:notice] [pid 9:tid 138880808146816] ModSecurity: LUA compiled version="Lua 5.1"
[Wed May 21 15:45:50.293013 2025] [security2:notice] [pid 9:tid 138880808146816] ModSecurity: YAJL compiled version="2.1.0"
[Wed May 21 15:45:50.293031 2025] [security2:notice] [pid 9:tid 138880808146816] ModSecurity: LIBXML compiled version="2.9.14"
[Wed May 21 15:45:50.293049 2025] [security2:notice] [pid 9:tid 138880808146816] ModSecurity: Status engine is currently disabled, enable it by set SecStatusEngine to On.
[Wed May 21 15:45:50.684221 2025] [mpm_event:notice] [pid 9:tid 138880808146816] AH00489: Apache/2.4.58 (Ubuntu) configured -- resuming normal operations
[Wed May 21 15:45:50.695223 2025] [core:notice] [pid 9:tid 138880808146816] AH00094: Command line: '/usr/sbin/apache2 -D FOREGROUND'
[Wed May 21 15:48:08.831035 2025] [security2:notice] [pid 8:tid 131804746069888] ModSecurity for Apache/2.9.7 (http://www.modsecurity.org/) configured.
[Wed May 21 15:48:08.831795 2025] [security2:notice] [pid 8:tid 131804746069888] ModSecurity: APR compiled version="1.7.2"; loaded version="1.7.2"
[Wed May 21 15:48:08.831820 2025] [security2:notice] [pid 8:tid 131804746069888] ModSecurity: PCRE2 compiled version="10.42 "; loaded version="10.42 2022-12-11"
[Wed May 21 15:48:08.831839 2025] [security2:notice] [pid 8:tid 131804746069888] ModSecurity: LUA compiled version="Lua 5.1"
[Wed May 21 15:48:08.832475 2025] [security2:notice] [pid 8:tid 131804746069888] ModSecurity: YAJL compiled version="2.1.0"
[Wed May 21 15:48:08.832493 2025] [security2:notice] [pid 8:tid 131804746069888] ModSecurity: LIBXML compiled version="2.9.14"
[Wed May 21 15:48:08.832511 2025] [security2:notice] [pid 8:tid 131804746069888] ModSecurity: Status engine is currently disabled, enable it by set SecStatusEngine to On.
[Wed May 21 15:48:09.171642 2025] [mpm_event:notice] [pid 8:tid 131804746069888] AH00489: Apache/2.4.58 (Ubuntu) configured -- resuming normal operations
[Wed May 21 15:48:09.176605 2025] [core:notice] [pid 8:tid 131804746069888] AH00094: Command line: '/usr/sbin/apache2 -D FOREGROUND'
[Wed May 21 15:57:14.998651 2025] [security2:notice] [pid 8:tid 134374144075648] ModSecurity for Apache/2.9.7 (http://www.modsecurity.org/) configured.
[Wed May 21 15:57:15.001840 2025] [security2:notice] [pid 8:tid 134374144075648] ModSecurity: APR compiled version="1.7.2"; loaded version="1.7.2"
[Wed May 21 15:57:15.001867 2025] [security2:notice] [pid 8:tid 134374144075648] ModSecurity: PCRE2 compiled version="10.42 "; loaded version="10.42 2022-12-11"
[Wed May 21 15:57:15.001885 2025] [security2:notice] [pid 8:tid 134374144075648] ModSecurity: LUA compiled version="Lua 5.1"
[Wed May 21 15:57:15.001903 2025] [security2:notice] [pid 8:tid 134374144075648] ModSecurity: YAJL compiled version="2.1.0"
[Wed May 21 15:57:15.001988 2025] [security2:notice] [pid 8:tid 134374144075648] ModSecurity: LIBXML compiled version="2.9.14"
[Wed May 21 15:57:15.002024 2025] [security2:notice] [pid 8:tid 134374144075648] ModSecurity: Status engine is currently disabled, enable it by set SecStatusEngine to On.
[Wed May 21 15:57:15.254115 2025] [mpm_event:notice] [pid 8:tid 134374144075648] AH00489: Apache/2.4.58 (Ubuntu) configured -- resuming normal operations
[Wed May 21 15:57:15.254179 2025] [core:notice] [pid 8:tid 134374144075648] AH00094: Command line: '/usr/sbin/apache2 -D FOREGROUND'
[Wed May 21 16:00:02.996473 2025] [security2:notice] [pid 9:tid 138018112358272] ModSecurity for Apache/2.9.7 (http://www.modsecurity.org/) configured.
[Wed May 21 16:00:03.000849 2025] [security2:notice] [pid 9:tid 138018112358272] ModSecurity: APR compiled version="1.7.2"; loaded version="1.7.2"
[Wed May 21 16:00:03.000876 2025] [security2:notice] [pid 9:tid 138018112358272] ModSecurity: PCRE2 compiled version="10.42 "; loaded version="10.42 2022-12-11"
[Wed May 21 16:00:03.000894 2025] [security2:notice] [pid 9:tid 138018112358272] ModSecurity: LUA compiled version="Lua 5.1"
[Wed May 21 16:00:03.000912 2025] [security2:notice] [pid 9:tid 138018112358272] ModSecurity: YAJL compiled version="2.1.0"
[Wed May 21 16:00:03.000929 2025] [security2:notice] [pid 9:tid 138018112358272] ModSecurity: LIBXML compiled version="2.9.14"
[Wed May 21 16:00:03.000947 2025] [security2:notice] [pid 9:tid 138018112358272] ModSecurity: Status engine is currently disabled, enable it by set SecStatusEngine to On.
[Wed May 21 16:00:03.337468 2025] [core:warn] [pid 9:tid 138018112358272] AH00098: pid file /var/run/apache2/apache2.pid overwritten -- Unclean shutdown of previous Apache run?
[Wed May 21 16:00:03.350052 2025] [mpm_event:notice] [pid 9:tid 138018112358272] AH00489: Apache/2.4.58 (Ubuntu) configured -- resuming normal operations
[Wed May 21 16:00:03.350107 2025] [core:notice] [pid 9:tid 138018112358272] AH00094: Command line: '/usr/sbin/apache2 -D FOREGROUND'
[Wed May 21 16:06:43.771452 2025] [security2:notice] [pid 8:tid 129573689550720] ModSecurity for Apache/2.9.7 (http://www.modsecurity.org/) configured.
[Wed May 21 16:06:43.773628 2025] [security2:notice] [pid 8:tid 129573689550720] ModSecurity: APR compiled version="1.7.2"; loaded version="1.7.2"
[Wed May 21 16:06:43.773947 2025] [security2:notice] [pid 8:tid 129573689550720] ModSecurity: PCRE2 compiled version="10.42 "; loaded version="10.42 2022-12-11"
[Wed May 21 16:06:43.774115 2025] [security2:notice] [pid 8:tid 129573689550720] ModSecurity: LUA compiled version="Lua 5.1"
[Wed May 21 16:06:43.774156 2025] [security2:notice] [pid 8:tid 129573689550720] ModSecurity: YAJL compiled version="2.1.0"
[Wed May 21 16:06:43.774186 2025] [security2:notice] [pid 8:tid 129573689550720] ModSecurity: LIBXML compiled version="2.9.14"
[Wed May 21 16:06:43.774203 2025] [security2:notice] [pid 8:tid 129573689550720] ModSecurity: Status engine is currently disabled, enable it by set SecStatusEngine to On.
[Wed May 21 16:06:44.038015 2025] [core:warn] [pid 8:tid 129573689550720] AH00098: pid file /var/run/apache2/apache2.pid overwritten -- Unclean shutdown of previous Apache run?
[Wed May 21 16:06:44.049913 2025] [mpm_event:notice] [pid 8:tid 129573689550720] AH00489: Apache/2.4.58 (Ubuntu) configured -- resuming normal operations
[Wed May 21 16:06:44.050758 2025] [core:notice] [pid 8:tid 129573689550720] AH00094: Command line: '/usr/sbin/apache2 -D FOREGROUND'
[Wed May 21 16:21:15.695977 2025] [security2:notice] [pid 7:tid 123457049323392] ModSecurity for Apache/2.9.7 (http://www.modsecurity.org/) configured.
[Wed May 21 16:21:15.698790 2025] [security2:notice] [pid 7:tid 123457049323392] ModSecurity: APR compiled version="1.7.2"; loaded version="1.7.2"
[Wed May 21 16:21:15.698815 2025] [security2:notice] [pid 7:tid 123457049323392] ModSecurity: PCRE2 compiled version="10.42 "; loaded version="10.42 2022-12-11"
[Wed May 21 16:21:15.698834 2025] [security2:notice] [pid 7:tid 123457049323392] ModSecurity: LUA compiled version="Lua 5.1"
[Wed May 21 16:21:15.698852 2025] [security2:notice] [pid 7:tid 123457049323392] ModSecurity: YAJL compiled version="2.1.0"
[Wed May 21 16:21:15.698869 2025] [security2:notice] [pid 7:tid 123457049323392] ModSecurity: LIBXML compiled version="2.9.14"
[Wed May 21 16:21:15.698887 2025] [security2:notice] [pid 7:tid 123457049323392] ModSecurity: Status engine is currently disabled, enable it by set SecStatusEngine to On.
[Wed May 21 16:21:16.044097 2025] [mpm_event:notice] [pid 7:tid 123457049323392] AH00489: Apache/2.4.58 (Ubuntu) configured -- resuming normal operations
[Wed May 21 16:21:16.044183 2025] [core:notice] [pid 7:tid 123457049323392] AH00094: Command line: '/usr/sbin/apache2 -D FOREGROUND'
[Wed May 21 16:28:03.355158 2025] [security2:notice] [pid 8:tid 123755737610112] ModSecurity for Apache/2.9.7 (http://www.modsecurity.org/) configured.
[Wed May 21 16:28:03.358441 2025] [security2:notice] [pid 8:tid 123755737610112] ModSecurity: APR compiled version="1.7.2"; loaded version="1.7.2"
[Wed May 21 16:28:03.358724 2025] [security2:notice] [pid 8:tid 123755737610112] ModSecurity: PCRE2 compiled version="10.42 "; loaded version="10.42 2022-12-11"
[Wed May 21 16:28:03.359101 2025] [security2:notice] [pid 8:tid 123755737610112] ModSecurity: LUA compiled version="Lua 5.1"
[Wed May 21 16:28:03.359370 2025] [security2:notice] [pid 8:tid 123755737610112] ModSecurity: YAJL compiled version="2.1.0"
[Wed May 21 16:28:03.359546 2025] [security2:notice] [pid 8:tid 123755737610112] ModSecurity: LIBXML compiled version="2.9.14"
[Wed May 21 16:28:03.359814 2025] [security2:notice] [pid 8:tid 123755737610112] ModSecurity: Status engine is currently disabled, enable it by set SecStatusEngine to On.
[Wed May 21 16:28:03.626135 2025] [mpm_event:notice] [pid 8:tid 123755737610112] AH00489: Apache/2.4.58 (Ubuntu) configured -- resuming normal operations
[Wed May 21 16:28:03.626233 2025] [core:notice] [pid 8:tid 123755737610112] AH00094: Command line: '/usr/sbin/apache2 -D FOREGROUND'
[Wed May 21 16:32:45.634823 2025] [security2:notice] [pid 8:tid 124895709882240] ModSecurity for Apache/2.9.7 (http://www.modsecurity.org/) configured.
[Wed May 21 16:32:45.643302 2025] [security2:notice] [pid 8:tid 124895709882240] ModSecurity: APR compiled version="1.7.2"; loaded version="1.7.2"
[Wed May 21 16:32:45.643735 2025] [security2:notice] [pid 8:tid 124895709882240] ModSecurity: PCRE2 compiled version="10.42 "; loaded version="10.42 2022-12-11"
[Wed May 21 16:32:45.644053 2025] [security2:notice] [pid 8:tid 124895709882240] ModSecurity: LUA compiled version="Lua 5.1"
[Wed May 21 16:32:45.644272 2025] [security2:notice] [pid 8:tid 124895709882240] ModSecurity: YAJL compiled version="2.1.0"
[Wed May 21 16:32:45.644506 2025] [security2:notice] [pid 8:tid 124895709882240] ModSecurity: LIBXML compiled version="2.9.14"
[Wed May 21 16:32:45.644791 2025] [security2:notice] [pid 8:tid 124895709882240] ModSecurity: Status engine is currently disabled, enable it by set SecStatusEngine to On.
[Wed May 21 16:32:46.035834 2025] [mpm_event:notice] [pid 8:tid 124895709882240] AH00489: Apache/2.4.58 (Ubuntu) configured -- resuming normal operations
[Wed May 21 16:32:46.037794 2025] [core:notice] [pid 8:tid 124895709882240] AH00094: Command line: '/usr/sbin/apache2 -D FOREGROUND'
[Wed May 21 16:45:20.946944 2025] [security2:notice] [pid 8:tid 132129480513408] ModSecurity for Apache/2.9.7 (http://www.modsecurity.org/) configured.
[Wed May 21 16:45:20.949380 2025] [security2:notice] [pid 8:tid 132129480513408] ModSecurity: APR compiled version="1.7.2"; loaded version="1.7.2"
[Wed May 21 16:45:20.949610 2025] [security2:notice] [pid 8:tid 132129480513408] ModSecurity: PCRE2 compiled version="10.42 "; loaded version="10.42 2022-12-11"
[Wed May 21 16:45:20.949895 2025] [security2:notice] [pid 8:tid 132129480513408] ModSecurity: LUA compiled version="Lua 5.1"
[Wed May 21 16:45:20.950164 2025] [security2:notice] [pid 8:tid 132129480513408] ModSecurity: YAJL compiled version="2.1.0"
[Wed May 21 16:45:20.950359 2025] [security2:notice] [pid 8:tid 132129480513408] ModSecurity: LIBXML compiled version="2.9.14"
[Wed May 21 16:45:20.950578 2025] [security2:notice] [pid 8:tid 132129480513408] ModSecurity: Status engine is currently disabled, enable it by set SecStatusEngine to On.
[Wed May 21 16:45:21.126062 2025] [mpm_event:notice] [pid 8:tid 132129480513408] AH00489: Apache/2.4.58 (Ubuntu) configured -- resuming normal operations
[Wed May 21 16:45:21.126837 2025] [core:notice] [pid 8:tid 132129480513408] AH00094: Command line: '/usr/sbin/apache2 -D FOREGROUND'
[Wed May 21 16:57:33.113406 2025] [security2:notice] [pid 8:tid 132313548593024] ModSecurity for Apache/2.9.7 (http://www.modsecurity.org/) configured.
[Wed May 21 16:57:33.127097 2025] [security2:notice] [pid 8:tid 132313548593024] ModSecurity: APR compiled version="1.7.2"; loaded version="1.7.2"
[Wed May 21 16:57:33.127127 2025] [security2:notice] [pid 8:tid 132313548593024] ModSecurity: PCRE2 compiled version="10.42 "; loaded version="10.42 2022-12-11"
[Wed May 21 16:57:33.127145 2025] [security2:notice] [pid 8:tid 132313548593024] ModSecurity: LUA compiled version="Lua 5.1"
[Wed May 21 16:57:33.127163 2025] [security2:notice] [pid 8:tid 132313548593024] ModSecurity: YAJL compiled version="2.1.0"
[Wed May 21 16:57:33.127181 2025] [security2:notice] [pid 8:tid 132313548593024] ModSecurity: LIBXML compiled version="2.9.14"
[Wed May 21 16:57:33.127199 2025] [security2:notice] [pid 8:tid 132313548593024] ModSecurity: Status engine is currently disabled, enable it by set SecStatusEngine to On.
[Wed May 21 16:57:33.648407 2025] [core:warn] [pid 8:tid 132313548593024] AH00098: pid file /var/run/apache2/apache2.pid overwritten -- Unclean shutdown of previous Apache run?
[Wed May 21 16:57:33.679663 2025] [mpm_event:notice] [pid 8:tid 132313548593024] AH00489: Apache/2.4.58 (Ubuntu) configured -- resuming normal operations
[Wed May 21 16:57:33.683137 2025] [core:notice] [pid 8:tid 132313548593024] AH00094: Command line: '/usr/sbin/apache2 -D FOREGROUND'
[Wed May 21 17:05:51.662391 2025] [security2:notice] [pid 8:tid 127521202644864] ModSecurity for Apache/2.9.7 (http://www.modsecurity.org/) configured.
[Wed May 21 17:05:51.663942 2025] [security2:notice] [pid 8:tid 127521202644864] ModSecurity: APR compiled version="1.7.2"; loaded version="1.7.2"
[Wed May 21 17:05:51.663966 2025] [security2:notice] [pid 8:tid 127521202644864] ModSecurity: PCRE2 compiled version="10.42 "; loaded version="10.42 2022-12-11"
[Wed May 21 17:05:51.663983 2025] [security2:notice] [pid 8:tid 127521202644864] ModSecurity: LUA compiled version="Lua 5.1"
[Wed May 21 17:05:51.664000 2025] [security2:notice] [pid 8:tid 127521202644864] ModSecurity: YAJL compiled version="2.1.0"
[Wed May 21 17:05:51.664016 2025] [security2:notice] [pid 8:tid 127521202644864] ModSecurity: LIBXML compiled version="2.9.14"
[Wed May 21 17:05:51.664032 2025] [security2:notice] [pid 8:tid 127521202644864] ModSecurity: Status engine is currently disabled, enable it by set SecStatusEngine to On.
[Wed May 21 17:05:51.902238 2025] [core:warn] [pid 8:tid 127521202644864] AH00098: pid file /var/run/apache2/apache2.pid overwritten -- Unclean shutdown of previous Apache run?
[Wed May 21 17:05:51.927889 2025] [mpm_event:notice] [pid 8:tid 127521202644864] AH00489: Apache/2.4.58 (Ubuntu) configured -- resuming normal operations
[Wed May 21 17:05:51.939778 2025] [core:notice] [pid 8:tid 127521202644864] AH00094: Command line: '/usr/sbin/apache2 -D FOREGROUND'
[Wed May 21 17:07:26.040558 2025] [security2:notice] [pid 8:tid 128956916467584] ModSecurity for Apache/2.9.7 (http://www.modsecurity.org/) configured.
[Wed May 21 17:07:26.045383 2025] [security2:notice] [pid 8:tid 128956916467584] ModSecurity: APR compiled version="1.7.2"; loaded version="1.7.2"
[Wed May 21 17:07:26.045621 2025] [security2:notice] [pid 8:tid 128956916467584] ModSecurity: PCRE2 compiled version="10.42 "; loaded version="10.42 2022-12-11"
[Wed May 21 17:07:26.046265 2025] [security2:notice] [pid 8:tid 128956916467584] ModSecurity: LUA compiled version="Lua 5.1"
[Wed May 21 17:07:26.046647 2025] [security2:notice] [pid 8:tid 128956916467584] ModSecurity: YAJL compiled version="2.1.0"
[Wed May 21 17:07:26.046953 2025] [security2:notice] [pid 8:tid 128956916467584] ModSecurity: LIBXML compiled version="2.9.14"
[Wed May 21 17:07:26.047169 2025] [security2:notice] [pid 8:tid 128956916467584] ModSecurity: Status engine is currently disabled, enable it by set SecStatusEngine to On.
[Wed May 21 17:07:26.495427 2025] [mpm_event:notice] [pid 8:tid 128956916467584] AH00489: Apache/2.4.58 (Ubuntu) configured -- resuming normal operations
[Wed May 21 17:07:26.495532 2025] [core:notice] [pid 8:tid 128956916467584] AH00094: Command line: '/usr/sbin/apache2 -D FOREGROUND'
[Wed May 21 17:17:29.961649 2025] [security2:notice] [pid 8:tid 138324447254400] ModSecurity for Apache/2.9.7 (http://www.modsecurity.org/) configured.
[Wed May 21 17:17:29.965351 2025] [security2:notice] [pid 8:tid 138324447254400] ModSecurity: APR compiled version="1.7.2"; loaded version="1.7.2"
[Wed May 21 17:17:29.968862 2025] [security2:notice] [pid 8:tid 138324447254400] ModSecurity: PCRE2 compiled version="10.42 "; loaded version="10.42 2022-12-11"
[Wed May 21 17:17:29.968891 2025] [security2:notice] [pid 8:tid 138324447254400] ModSecurity: LUA compiled version="Lua 5.1"
[Wed May 21 17:17:29.968909 2025] [security2:notice] [pid 8:tid 138324447254400] ModSecurity: YAJL compiled version="2.1.0"
[Wed May 21 17:17:29.968926 2025] [security2:notice] [pid 8:tid 138324447254400] ModSecurity: LIBXML compiled version="2.9.14"
[Wed May 21 17:17:29.968944 2025] [security2:notice] [pid 8:tid 138324447254400] ModSecurity: Status engine is currently disabled, enable it by set SecStatusEngine to On.
[Wed May 21 17:17:38.610341 2025] [mpm_event:notice] [pid 8:tid 138324447254400] AH00489: Apache/2.4.58 (Ubuntu) configured -- resuming normal operations
[Wed May 21 17:17:38.610428 2025] [core:notice] [pid 8:tid 138324447254400] AH00094: Command line: '/usr/sbin/apache2 -D FOREGROUND'
[Wed May 21 17:25:31.647280 2025] [security2:notice] [pid 8:tid 134187883071360] ModSecurity for Apache/2.9.7 (http://www.modsecurity.org/) configured.
[Wed May 21 17:25:31.653557 2025] [security2:notice] [pid 8:tid 134187883071360] ModSecurity: APR compiled version="1.7.2"; loaded version="1.7.2"
[Wed May 21 17:25:31.653622 2025] [security2:notice] [pid 8:tid 134187883071360] ModSecurity: PCRE2 compiled version="10.42 "; loaded version="10.42 2022-12-11"
[Wed May 21 17:25:31.653641 2025] [security2:notice] [pid 8:tid 134187883071360] ModSecurity: LUA compiled version="Lua 5.1"
[Wed May 21 17:25:31.653657 2025] [security2:notice] [pid 8:tid 134187883071360] ModSecurity: YAJL compiled version="2.1.0"
[Wed May 21 17:25:31.653711 2025] [security2:notice] [pid 8:tid 134187883071360] ModSecurity: LIBXML compiled version="2.9.14"
[Wed May 21 17:25:31.653729 2025] [security2:notice] [pid 8:tid 134187883071360] ModSecurity: Status engine is currently disabled, enable it by set SecStatusEngine to On.
[Wed May 21 17:25:31.990356 2025] [mpm_event:notice] [pid 8:tid 134187883071360] AH00489: Apache/2.4.58 (Ubuntu) configured -- resuming normal operations
[Wed May 21 17:25:31.993118 2025] [core:notice] [pid 8:tid 134187883071360] AH00094: Command line: '/usr/sbin/apache2 -D FOREGROUND'
[Wed May 21 17:31:48.485167 2025] [security2:notice] [pid 8:tid 138180959958912] ModSecurity for Apache/2.9.7 (http://www.modsecurity.org/) configured.
[Wed May 21 17:31:48.489273 2025] [security2:notice] [pid 8:tid 138180959958912] ModSecurity: APR compiled version="1.7.2"; loaded version="1.7.2"
[Wed May 21 17:31:48.489498 2025] [security2:notice] [pid 8:tid 138180959958912] ModSecurity: PCRE2 compiled version="10.42 "; loaded version="10.42 2022-12-11"
[Wed May 21 17:31:48.489540 2025] [security2:notice] [pid 8:tid 138180959958912] ModSecurity: LUA compiled version="Lua 5.1"
[Wed May 21 17:31:48.489558 2025] [security2:notice] [pid 8:tid 138180959958912] ModSecurity: YAJL compiled version="2.1.0"
[Wed May 21 17:31:48.489575 2025] [security2:notice] [pid 8:tid 138180959958912] ModSecurity: LIBXML compiled version="2.9.14"
[Wed May 21 17:31:48.489592 2025] [security2:notice] [pid 8:tid 138180959958912] ModSecurity: Status engine is currently disabled, enable it by set SecStatusEngine to On.
[Wed May 21 17:31:48.957228 2025] [mpm_event:notice] [pid 8:tid 138180959958912] AH00489: Apache/2.4.58 (Ubuntu) configured -- resuming normal operations
[Wed May 21 17:31:48.957549 2025] [core:notice] [pid 8:tid 138180959958912] AH00094: Command line: '/usr/sbin/apache2 -D FOREGROUND'
[Wed May 21 18:23:08.175761 2025] [security2:notice] [pid 8:tid 124179007039360] ModSecurity for Apache/2.9.7 (http://www.modsecurity.org/) configured.
[Wed May 21 18:23:08.177225 2025] [security2:notice] [pid 8:tid 124179007039360] ModSecurity: APR compiled version="1.7.2"; loaded version="1.7.2"
[Wed May 21 18:23:08.177467 2025] [security2:notice] [pid 8:tid 124179007039360] ModSecurity: PCRE2 compiled version="10.42 "; loaded version="10.42 2022-12-11"
[Wed May 21 18:23:08.177714 2025] [security2:notice] [pid 8:tid 124179007039360] ModSecurity: LUA compiled version="Lua 5.1"
[Wed May 21 18:23:08.177886 2025] [security2:notice] [pid 8:tid 124179007039360] ModSecurity: YAJL compiled version="2.1.0"
[Wed May 21 18:23:08.178107 2025] [security2:notice] [pid 8:tid 124179007039360] ModSecurity: LIBXML compiled version="2.9.14"
[Wed May 21 18:23:08.178242 2025] [security2:notice] [pid 8:tid 124179007039360] ModSecurity: Status engine is currently disabled, enable it by set SecStatusEngine to On.
[Wed May 21 18:23:08.468025 2025] [mpm_event:notice] [pid 8:tid 124179007039360] AH00489: Apache/2.4.58 (Ubuntu) configured -- resuming normal operations
[Wed May 21 18:23:08.484143 2025] [core:notice] [pid 8:tid 124179007039360] AH00094: Command line: '/usr/sbin/apache2 -D FOREGROUND'
[Wed May 21 18:31:55.605042 2025] [security2:notice] [pid 8:tid 125961733801856] ModSecurity for Apache/2.9.7 (http://www.modsecurity.org/) configured.
[Wed May 21 18:31:55.607389 2025] [security2:notice] [pid 8:tid 125961733801856] ModSecurity: APR compiled version="1.7.2"; loaded version="1.7.2"
[Wed May 21 18:31:55.607425 2025] [security2:notice] [pid 8:tid 125961733801856] ModSecurity: PCRE2 compiled version="10.42 "; loaded version="10.42 2022-12-11"
[Wed May 21 18:31:55.607442 2025] [security2:notice] [pid 8:tid 125961733801856] ModSecurity: LUA compiled version="Lua 5.1"
[Wed May 21 18:31:55.607459 2025] [security2:notice] [pid 8:tid 125961733801856] ModSecurity: YAJL compiled version="2.1.0"
[Wed May 21 18:31:55.607476 2025] [security2:notice] [pid 8:tid 125961733801856] ModSecurity: LIBXML compiled version="2.9.14"
[Wed May 21 18:31:55.607493 2025] [security2:notice] [pid 8:tid 125961733801856] ModSecurity: Status engine is currently disabled, enable it by set SecStatusEngine to On.
[Wed May 21 18:31:56.039909 2025] [mpm_event:notice] [pid 8:tid 125961733801856] AH00489: Apache/2.4.58 (Ubuntu) configured -- resuming normal operations
[Wed May 21 18:31:56.039992 2025] [core:notice] [pid 8:tid 125961733801856] AH00094: Command line: '/usr/sbin/apache2 -D FOREGROUND'
[Wed May 21 18:35:30.113094 2025] [security2:notice] [pid 8:tid 132162991175552] ModSecurity for Apache/2.9.7 (http://www.modsecurity.org/) configured.
[Wed May 21 18:35:30.115973 2025] [security2:notice] [pid 8:tid 132162991175552] ModSecurity: APR compiled version="1.7.2"; loaded version="1.7.2"
[Wed May 21 18:35:30.116146 2025] [security2:notice] [pid 8:tid 132162991175552] ModSecurity: PCRE2 compiled version="10.42 "; loaded version="10.42 2022-12-11"
[Wed May 21 18:35:30.116290 2025] [security2:notice] [pid 8:tid 132162991175552] ModSecurity: LUA compiled version="Lua 5.1"
[Wed May 21 18:35:30.116446 2025] [security2:notice] [pid 8:tid 132162991175552] ModSecurity: YAJL compiled version="2.1.0"
[Wed May 21 18:35:30.116614 2025] [security2:notice] [pid 8:tid 132162991175552] ModSecurity: LIBXML compiled version="2.9.14"
[Wed May 21 18:35:30.116914 2025] [security2:notice] [pid 8:tid 132162991175552] ModSecurity: Status engine is currently disabled, enable it by set SecStatusEngine to On.
[Wed May 21 18:35:30.384541 2025] [mpm_event:notice] [pid 8:tid 132162991175552] AH00489: Apache/2.4.58 (Ubuntu) configured -- resuming normal operations
[Wed May 21 18:35:30.385867 2025] [core:notice] [pid 8:tid 132162991175552] AH00094: Command line: '/usr/sbin/apache2 -D FOREGROUND'
[Wed May 21 19:19:56.877011 2025] [security2:notice] [pid 8:tid 123807945303936] ModSecurity for Apache/2.9.7 (http://www.modsecurity.org/) configured.
[Wed May 21 19:19:56.878751 2025] [security2:notice] [pid 8:tid 123807945303936] ModSecurity: APR compiled version="1.7.2"; loaded version="1.7.2"
[Wed May 21 19:19:56.878818 2025] [security2:notice] [pid 8:tid 123807945303936] ModSecurity: PCRE2 compiled version="10.42 "; loaded version="10.42 2022-12-11"
[Wed May 21 19:19:56.878836 2025] [security2:notice] [pid 8:tid 123807945303936] ModSecurity: LUA compiled version="Lua 5.1"
[Wed May 21 19:19:56.878853 2025] [security2:notice] [pid 8:tid 123807945303936] ModSecurity: YAJL compiled version="2.1.0"
[Wed May 21 19:19:56.878871 2025] [security2:notice] [pid 8:tid 123807945303936] ModSecurity: LIBXML compiled version="2.9.14"
[Wed May 21 19:19:56.878889 2025] [security2:notice] [pid 8:tid 123807945303936] ModSecurity: Status engine is currently disabled, enable it by set SecStatusEngine to On.
[Wed May 21 19:19:57.215736 2025] [mpm_event:notice] [pid 8:tid 123807945303936] AH00489: Apache/2.4.58 (Ubuntu) configured -- resuming normal operations
[Wed May 21 19:19:57.217803 2025] [core:notice] [pid 8:tid 123807945303936] AH00094: Command line: '/usr/sbin/apache2 -D FOREGROUND'
[Wed May 21 19:55:20.029112 2025] [security2:notice] [pid 8:tid 130732290992000] ModSecurity for Apache/2.9.7 (http://www.modsecurity.org/) configured.
[Wed May 21 19:55:20.033845 2025] [security2:notice] [pid 8:tid 130732290992000] ModSecurity: APR compiled version="1.7.2"; loaded version="1.7.2"
[Wed May 21 19:55:20.033873 2025] [security2:notice] [pid 8:tid 130732290992000] ModSecurity: PCRE2 compiled version="10.42 "; loaded version="10.42 2022-12-11"
[Wed May 21 19:55:20.033892 2025] [security2:notice] [pid 8:tid 130732290992000] ModSecurity: LUA compiled version="Lua 5.1"
[Wed May 21 19:55:20.033917 2025] [security2:notice] [pid 8:tid 130732290992000] ModSecurity: YAJL compiled version="2.1.0"
[Wed May 21 19:55:20.033934 2025] [security2:notice] [pid 8:tid 130732290992000] ModSecurity: LIBXML compiled version="2.9.14"
[Wed May 21 19:55:20.033952 2025] [security2:notice] [pid 8:tid 130732290992000] ModSecurity: Status engine is currently disabled, enable it by set SecStatusEngine to On.
[Wed May 21 19:55:20.463167 2025] [mpm_event:notice] [pid 8:tid 130732290992000] AH00489: Apache/2.4.58 (Ubuntu) configured -- resuming normal operations
[Wed May 21 19:55:20.463581 2025] [core:notice] [pid 8:tid 130732290992000] AH00094: Command line: '/usr/sbin/apache2 -D FOREGROUND'
[Wed May 21 20:00:45.606483 2025] [security2:notice] [pid 8:tid 129719073965952] ModSecurity for Apache/2.9.7 (http://www.modsecurity.org/) configured.
[Wed May 21 20:00:45.610100 2025] [security2:notice] [pid 8:tid 129719073965952] ModSecurity: APR compiled version="1.7.2"; loaded version="1.7.2"
[Wed May 21 20:00:45.610379 2025] [security2:notice] [pid 8:tid 129719073965952] ModSecurity: PCRE2 compiled version="10.42 "; loaded version="10.42 2022-12-11"
[Wed May 21 20:00:45.610610 2025] [security2:notice] [pid 8:tid 129719073965952] ModSecurity: LUA compiled version="Lua 5.1"
[Wed May 21 20:00:45.610858 2025] [security2:notice] [pid 8:tid 129719073965952] ModSecurity: YAJL compiled version="2.1.0"
[Wed May 21 20:00:45.611073 2025] [security2:notice] [pid 8:tid 129719073965952] ModSecurity: LIBXML compiled version="2.9.14"
[Wed May 21 20:00:45.611316 2025] [security2:notice] [pid 8:tid 129719073965952] ModSecurity: Status engine is currently disabled, enable it by set SecStatusEngine to On.
[Wed May 21 20:00:45.862491 2025] [mpm_event:notice] [pid 8:tid 129719073965952] AH00489: Apache/2.4.58 (Ubuntu) configured -- resuming normal operations
[Wed May 21 20:00:45.863957 2025] [core:notice] [pid 8:tid 129719073965952] AH00094: Command line: '/usr/sbin/apache2 -D FOREGROUND'
[Wed May 21 20:05:47.817158 2025] [auth_basic:error] [pid 9:tid 129719029180096] [client 192.168.58.1:58265] AH01618: user wetrsg not found: /
[Wed May 21 20:05:50.004658 2025] [auth_basic:error] [pid 9:tid 129718932723392] [client 192.168.58.1:58265] AH01618: user sgsg not found: /
[Wed May 21 20:05:51.941562 2025] [auth_basic:error] [pid 9:tid 129718924330688] [client 192.168.58.1:58265] AH01618: user sgsg not found: /
[Wed May 21 20:11:10.521652 2025] [security2:notice] [pid 8:tid 124254867289984] ModSecurity for Apache/2.9.7 (http://www.modsecurity.org/) configured.
[Wed May 21 20:11:10.524349 2025] [security2:notice] [pid 8:tid 124254867289984] ModSecurity: APR compiled version="1.7.2"; loaded version="1.7.2"
[Wed May 21 20:11:10.524801 2025] [security2:notice] [pid 8:tid 124254867289984] ModSecurity: PCRE2 compiled version="10.42 "; loaded version="10.42 2022-12-11"
[Wed May 21 20:11:10.526773 2025] [security2:notice] [pid 8:tid 124254867289984] ModSecurity: LUA compiled version="Lua 5.1"
[Wed May 21 20:11:10.527041 2025] [security2:notice] [pid 8:tid 124254867289984] ModSecurity: YAJL compiled version="2.1.0"
[Wed May 21 20:11:10.527260 2025] [security2:notice] [pid 8:tid 124254867289984] ModSecurity: LIBXML compiled version="2.9.14"
[Wed May 21 20:11:10.527477 2025] [security2:notice] [pid 8:tid 124254867289984] ModSecurity: Status engine is currently disabled, enable it by set SecStatusEngine to On.
[Wed May 21 20:11:10.835087 2025] [mpm_event:notice] [pid 8:tid 124254867289984] AH00489: Apache/2.4.58 (Ubuntu) configured -- resuming normal operations
[Wed May 21 20:11:10.835193 2025] [core:notice] [pid 8:tid 124254867289984] AH00094: Command line: '/usr/sbin/apache2 -D FOREGROUND'
